<?xml version="1.0" encoding="UTF-8" standalone="no"?>
<beans xmlns="http://www.springframework.org/schema/beans"
       xmlns:context="http://www.springframework.org/schema/context"
       xmlns:jpa="http://www.springframework.org/schema/data/jpa"
       xmlns:xsi="http://www.w3.org/2001/XMLSchema-instance"
       xsi:schemaLocation="
            http://www.springframework.org/schema/beans http://www.springframework.org/schema/beans/spring-beans-3.1.xsd
            http://www.springframework.org/schema/context http://www.springframework.org/schema/context/spring-context-3.1.xsd
            http://www.springframework.org/schema/data/jpa http://www.springframework.org/schema/data/jpa/spring-jpa.xsd
        ">

    <context:property-placeholder
            location="classpath:/com/zagyvaib/example/spring/data/jpa/common/properties/database.properties"/>

    <import resource="classpath:/com/zagyvaib/example/spring/data/jpa/common/spring/domain-context.xml"/>

    <!-- Scan for interfaces (possibly indirectly) extending org.springframework.data.repository.Repository, for which
         then Spring's infrastructure generates a corresponding implementation.
         The specified 'factory-class' attribute causes Spring to use our custom repository factory. -->
    <jpa:repositories
            base-package="com.zagyvaib.example.spring.data.jpa.layering.repository"
            factory-class="com.zagyvaib.example.spring.data.jpa.layering.infrastructure.ExistingTransactionDemandingRepositoryFactoryBean"/>

</beans>